<?xml version="1.0" encoding="UTF-8"?>
<testng-results skipped="0" failed="0" total="1" passed="1">
  <reporter-output>
  </reporter-output>
  <suite name="Default suite" duration-ms="26036" started-at="2016-07-14T11:23:36Z" finished-at="2016-07-14T11:24:02Z">
    <groups>
    </groups>
    <test name="Default test" duration-ms="26036" started-at="2016-07-14T11:23:36Z" finished-at="2016-07-14T11:24:02Z">
      <class name="Page_object_model.POM_call">
        <test-method status="PASS" signature="url()[pri:0, instance:Page_object_model.POM_call@6ce664ac]" name="url" duration-ms="26015" started-at="2016-07-14T16:53:36Z" finished-at="2016-07-14T16:54:02Z">
          <reporter-output>
          </reporter-output>
        </test-method> <!-- url -->
      </class> <!-- Page_object_model.POM_call -->
    </test> <!-- Default test -->
  </suite> <!-- Default suite -->
</testng-results>
